<?xml version="1.0" encoding="UTF-8"?>
<!-- Generated by org.testng.reporters.JUnitReportReporter -->
<testsuite hostname="12NAWA7ER32PG7M" name="selenium01.xueshengkaoshixitong" tests="2" failures="0" timestamp="1 Mar 2019 02:51:58 GMT" time="13.151" errors="0">
  <testcase name="a3" time="1.144" classname="selenium01.xueshengkaoshixitong"/>
  <testcase name="a2" time="12.007" classname="selenium01.xueshengkaoshixitong"/>
</testsuite> <!-- selenium01.xueshengkaoshixitong -->
