<?xml version="1.0" encoding="UTF-8"?>
<!-- Generated by org.testng.reporters.JUnitReportReporter -->
<testsuite hostname="12NAWA7ER32PG7M" name="baidu.baidu01" tests="1" failures="0" timestamp="18 Mar 2019 01:51:11 GMT" time="4.130" errors="0">
  <testcase name="baidu" time="4.130" classname="baidu.baidu01"/>
</testsuite> <!-- baidu.baidu01 -->
