<?xml version="1.0" encoding="UTF-8"?>
<!-- Generated by org.testng.reporters.JUnitReportReporter -->
<testsuite hostname="12NAWA7ER32PG7M" name="baidu.baidu01" tests="1" failures="0" timestamp="18 Mar 2019 02:18:57 GMT" time="2.276" errors="0">
  <testcase name="baidu" time="2.276" classname="baidu.baidu01"/>
</testsuite> <!-- baidu.baidu01 -->
