<?xml version="1.0" encoding="UTF-8"?>
<!-- Generated by org.testng.reporters.JUnitReportReporter -->
<testsuite hostname="12NAWA7ER32PG7M" name="sx01.zxksqt" tests="6" failures="0" timestamp="29 Dec 2018 09:06:31 GMT" time="4.785" errors="0">
  <testcase name="tjshiti" time="2.036" classname="sx01.zxksqt"/>
  <testcase name="tjstudent" time="0.831" classname="sx01.zxksqt"/>
  <testcase name="liulan" time="0.208" classname="sx01.zxksqt"/>
  <testcase name="liulanstudnet" time="0.183" classname="sx01.zxksqt"/>
  <testcase name="tj" time="0.588" classname="sx01.zxksqt"/>
  <testcase name="denglu" time="0.939" classname="sx01.zxksqt"/>
</testsuite> <!-- sx01.zxksqt -->
