<?xml version="1.0" encoding="UTF-8"?>
<!-- Generated by org.testng.reporters.JUnitReportReporter -->
<testsuite hostname="12NAWA7ER32PG7M" name="day11.gouwu" tests="2" failures="0" timestamp="10 Jan 2019 06:16:31 GMT" time="3.137" errors="0">
  <testcase name="a" time="0.719" classname="day11.gouwu"/>
  <testcase name="b" time="2.418" classname="day11.gouwu"/>
</testsuite> <!-- day11.gouwu -->
