<?xml version="1.0" encoding="UTF-8"?>
<!-- Generated by org.testng.reporters.JUnitReportReporter -->
<testsuite hostname="12NAWA7ER32PG7M" name="Zxksxt.NewTest" tests="1" failures="0" timestamp="29 Dec 2018 07:35:41 GMT" time="0.000" errors="0">
  <testcase name="f" time="0.000" classname="Zxksxt.NewTest"/>
</testsuite> <!-- Zxksxt.NewTest -->
