<?xml version="1.0" encoding="UTF-8"?>
<!-- Generated by org.testng.reporters.JUnitReportReporter -->
<testsuite hostname="12NAWA7ER32PG7M" name="day11.yijianfankui" tests="2" failures="0" timestamp="10 Jan 2019 06:23:12 GMT" time="5.312" errors="0">
  <testcase name="a" time="0.832" classname="day11.yijianfankui"/>
  <testcase name="b" time="4.480" classname="day11.yijianfankui"/>
</testsuite> <!-- day11.yijianfankui -->
