<?xml version="1.0" encoding="UTF-8"?>
<!-- Generated by org.testng.reporters.JUnitReportReporter -->
<testsuite hostname="12NAWA7ER32PG7M" name="Zxks.zxks" tests="3" failures="0" timestamp="3 Jan 2019 11:02:59 GMT" time="6.254" errors="0">
  <testcase name="a" time="3.878" classname="Zxks.zxks"/>
  <testcase name="c" time="0.933" classname="Zxks.zxks"/>
  <testcase name="b" time="1.443" classname="Zxks.zxks"/>
</testsuite> <!-- Zxks.zxks -->
