<?xml version="1.0" encoding="UTF-8"?>
<!-- Generated by org.testng.reporters.JUnitReportReporter -->
<testsuite hostname="12NAWA7ER32PG7M" name="day11.houtai" tests="4" failures="0" timestamp="10 Jan 2019 07:44:52 GMT" time="36.177" errors="0">
  <testcase name="c" time="0.423" classname="day11.houtai"/>
  <testcase name="d" time="0.562" classname="day11.houtai"/>
  <testcase name="a" time="34.525" classname="day11.houtai"/>
  <testcase name="b" time="0.667" classname="day11.houtai"/>
</testsuite> <!-- day11.houtai -->
