<?xml version="1.0" encoding="UTF-8"?>
<!-- Generated by org.testng.reporters.JUnitReportReporter -->
<testsuite hostname="12NAWA7ER32PG7M" name="Zxksxt.zxksqt" tests="6" failures="0" timestamp="2 Jan 2019 08:30:52 GMT" time="3.926" errors="0">
  <testcase name="tjshiti" time="1.150" classname="Zxksxt.zxksqt"/>
  <testcase name="tjstudent" time="0.935" classname="Zxksxt.zxksqt"/>
  <testcase name="liulan" time="0.214" classname="Zxksxt.zxksqt"/>
  <testcase name="liulanstudnet" time="0.174" classname="Zxksxt.zxksqt"/>
  <testcase name="tj" time="0.531" classname="Zxksxt.zxksqt"/>
  <testcase name="denglu" time="0.922" classname="Zxksxt.zxksqt"/>
</testsuite> <!-- Zxksxt.zxksqt -->
